test: (g=0): rw=randread, bs=(R) 4096B-4096B, (W) 4096B-4096B, (T) 4096B-4096B, ioengine=sync, iodepth=64
fio-3.30
Starting 1 process
test: Laying out IO file (1 file / 10MiB)

test: (groupid=0, jobs=1): err= 0: pid=442: Fri Mar  9 13:04:51 2018
  read: IOPS=4148, BW=16.2MiB/s (17.0MB/s)(324MiB/20002msec)
    clat (usec): min=163, max=6269, avg=221.78, stdev=99.69
     lat (usec): min=164, max=6270, avg=222.87, stdev=99.81
   bw (  KiB/s): min=16000, max=17192, per=100.00%, avg=16616.25, stdev=225.34, samples=40
   iops        : min= 4000, max= 4298, avg=4153.95, stdev=56.25, samples=40
  lat (usec)   : 250=87.32%, 500=11.74%, 750=0.90%, 1000=0.02%
  lat (msec)   : 2=0.01%, 10=0.02%
  cpu          : usr=11.27%, sys=45.05%, ctx=85077, majf=0, minf=40
  IO depths    : 1=100.0%, 2=0.0%, 4=0.0%, 8=0.0%, 16=0.0%, 32=0.0%, >=64=0.0%
     submit    : 0=0.0%, 4=100.0%, 8=0.0%, 16=0.0%, 32=0.0%, 64=0.0%, >=64=0.0%
     complete  : 0=0.0%, 4=100.0%, 8=0.0%, 16=0.0%, 32=0.0%, 64=0.0%, >=64=0.0%
     issued rwts: total=82979,0,0,0 short=0,0,0,0 dropped=0,0,0,0
     latency   : target=0, window=0, percentile=100.00%, depth=64

Run status group 0 (all jobs):
   READ: bw=16.2MiB/s (17.0MB/s), 16.2MiB/s-16.2MiB/s (17.0MB/s-17.0MB/s), io=324MiB (340MB), run=20002-20002msec
