test: (g=0): rw=randwrite, bs=(R) 4096B-4096B, (W) 4096B-4096B, (T) 4096B-4096B, ioengine=sync, iodepth=64
fio-3.30
Starting 1 process

test: (groupid=0, jobs=1): err= 0: pid=532: Fri Mar  9 13:13:57 2018
  write: IOPS=19.3k, BW=75.4MiB/s (79.1MB/s)(1509MiB/20001msec); 0 zone resets
    clat (usec): min=24, max=5792, avg=29.88, stdev=34.75
     lat (usec): min=25, max=5793, avg=30.96, stdev=35.01
   bw (  KiB/s): min=74212, max=81552, per=100.00%, avg=77294.64, stdev=1817.11, samples=39
   iops        : min=18553, max=20388, avg=19323.41, stdev=454.35, samples=39
  lat (usec)   : 50=97.22%, 100=1.73%, 250=0.71%, 500=0.33%, 750=0.01%
  lat (usec)   : 1000=0.01%
  lat (msec)   : 4=0.01%, 10=0.01%
  cpu          : usr=30.33%, sys=66.38%, ctx=5940, majf=0, minf=40
  IO depths    : 1=100.0%, 2=0.0%, 4=0.0%, 8=0.0%, 16=0.0%, 32=0.0%, >=64=0.0%
     submit    : 0=0.0%, 4=100.0%, 8=0.0%, 16=0.0%, 32=0.0%, 64=0.0%, >=64=0.0%
     complete  : 0=0.0%, 4=100.0%, 8=0.0%, 16=0.0%, 32=0.0%, 64=0.0%, >=64=0.0%
     issued rwts: total=0,386323,0,0 short=0,0,0,0 dropped=0,0,0,0
     latency   : target=0, window=0, percentile=100.00%, depth=64

Run status group 0 (all jobs):
  WRITE: bw=75.4MiB/s (79.1MB/s), 75.4MiB/s-75.4MiB/s (79.1MB/s-79.1MB/s), io=1509MiB (1582MB), run=20001-20001msec
