test: (g=0): rw=randwrite, bs=(R) 4096B-4096B, (W) 4096B-4096B, (T) 4096B-4096B, ioengine=sync, iodepth=64
fio-3.30
Starting 1 process

test: (groupid=0, jobs=1): err= 0: pid=517: Fri Mar  9 13:12:26 2018
  write: IOPS=19.3k, BW=75.3MiB/s (78.9MB/s)(1505MiB/20001msec); 0 zone resets
    clat (usec): min=24, max=5780, avg=29.94, stdev=31.96
     lat (usec): min=25, max=5781, avg=30.92, stdev=32.19
   bw (  KiB/s): min=74204, max=80977, per=100.00%, avg=77191.28, stdev=1618.56, samples=39
   iops        : min=18551, max=20244, avg=19297.59, stdev=404.61, samples=39
  lat (usec)   : 50=97.21%, 100=1.76%, 250=0.70%, 500=0.31%, 750=0.01%
  lat (usec)   : 1000=0.01%
  lat (msec)   : 4=0.01%, 10=0.01%
  cpu          : usr=32.11%, sys=64.63%, ctx=5916, majf=0, minf=40
  IO depths    : 1=100.0%, 2=0.0%, 4=0.0%, 8=0.0%, 16=0.0%, 32=0.0%, >=64=0.0%
     submit    : 0=0.0%, 4=100.0%, 8=0.0%, 16=0.0%, 32=0.0%, 64=0.0%, >=64=0.0%
     complete  : 0=0.0%, 4=100.0%, 8=0.0%, 16=0.0%, 32=0.0%, 64=0.0%, >=64=0.0%
     issued rwts: total=0,385312,0,0 short=0,0,0,0 dropped=0,0,0,0
     latency   : target=0, window=0, percentile=100.00%, depth=64

Run status group 0 (all jobs):
  WRITE: bw=75.3MiB/s (78.9MB/s), 75.3MiB/s-75.3MiB/s (78.9MB/s-78.9MB/s), io=1505MiB (1578MB), run=20001-20001msec
