test: (g=0): rw=randwrite, bs=(R) 4096B-4096B, (W) 4096B-4096B, (T) 4096B-4096B, ioengine=sync, iodepth=64
fio-3.30
Starting 1 process

test: (groupid=0, jobs=1): err= 0: pid=537: Fri Mar  9 13:14:28 2018
  write: IOPS=19.3k, BW=75.4MiB/s (79.1MB/s)(1510MiB/20019msec); 0 zone resets
    clat (usec): min=24, max=5786, avg=29.97, stdev=30.26
     lat (usec): min=25, max=5787, avg=31.00, stdev=30.57
   bw (  KiB/s): min=67414, max=81947, per=100.00%, avg=77392.60, stdev=3035.16, samples=40
   iops        : min=16853, max=20486, avg=19347.92, stdev=758.74, samples=40
  lat (usec)   : 50=97.12%, 100=1.81%, 250=0.73%, 500=0.33%, 750=0.01%
  lat (usec)   : 1000=0.01%
  lat (msec)   : 2=0.01%, 4=0.01%, 10=0.01%
  cpu          : usr=30.05%, sys=66.51%, ctx=5916, majf=0, minf=40
  IO depths    : 1=100.0%, 2=0.0%, 4=0.0%, 8=0.0%, 16=0.0%, 32=0.0%, >=64=0.0%
     submit    : 0=0.0%, 4=100.0%, 8=0.0%, 16=0.0%, 32=0.0%, 64=0.0%, >=64=0.0%
     complete  : 0=0.0%, 4=100.0%, 8=0.0%, 16=0.0%, 32=0.0%, 64=0.0%, >=64=0.0%
     issued rwts: total=0,386560,0,0 short=0,0,0,0 dropped=0,0,0,0
     latency   : target=0, window=0, percentile=100.00%, depth=64

Run status group 0 (all jobs):
  WRITE: bw=75.4MiB/s (79.1MB/s), 75.4MiB/s-75.4MiB/s (79.1MB/s-79.1MB/s), io=1510MiB (1583MB), run=20019-20019msec
