test: (g=0): rw=read, bs=(R) 4096B-4096B, (W) 4096B-4096B, (T) 4096B-4096B, ioengine=sync, iodepth=64
fio-3.30
Starting 1 process

test: (groupid=0, jobs=1): err= 0: pid=607: Fri Mar  9 13:21:34 2018
  read: IOPS=46.7k, BW=182MiB/s (191MB/s)(3647MiB/20004msec)
    clat (usec): min=6, max=6076, avg=13.50, stdev=41.49
     lat (usec): min=7, max=6077, avg=14.32, stdev=42.35
   bw (  KiB/s): min=169696, max=191334, per=100.00%, avg=186960.20, stdev=4487.35, samples=40
   iops        : min=42424, max=47833, avg=46739.85, stdev=1121.80, samples=40
  lat (usec)   : 10=92.28%, 20=4.41%, 50=0.56%, 100=0.60%, 250=1.57%
  lat (usec)   : 500=0.52%, 750=0.05%, 1000=0.01%
  lat (msec)   : 2=0.01%, 4=0.01%, 10=0.01%
  cpu          : usr=52.73%, sys=44.01%, ctx=6267, majf=0, minf=40
  IO depths    : 1=100.0%, 2=0.0%, 4=0.0%, 8=0.0%, 16=0.0%, 32=0.0%, >=64=0.0%
     submit    : 0=0.0%, 4=100.0%, 8=0.0%, 16=0.0%, 32=0.0%, 64=0.0%, >=64=0.0%
     complete  : 0=0.0%, 4=100.0%, 8=0.0%, 16=0.0%, 32=0.0%, 64=0.0%, >=64=0.0%
     issued rwts: total=933725,0,0,0 short=0,0,0,0 dropped=0,0,0,0
     latency   : target=0, window=0, percentile=100.00%, depth=64

Run status group 0 (all jobs):
   READ: bw=182MiB/s (191MB/s), 182MiB/s-182MiB/s (191MB/s-191MB/s), io=3647MiB (3825MB), run=20004-20004msec
