test: (g=0): rw=read, bs=(R) 4096B-4096B, (W) 4096B-4096B, (T) 4096B-4096B, ioengine=sync, iodepth=64
fio-3.30
Starting 1 process

test: (groupid=0, jobs=1): err= 0: pid=592: Fri Mar  9 13:20:03 2018
  read: IOPS=46.7k, BW=182MiB/s (191MB/s)(3646MiB/20001msec)
    clat (usec): min=6, max=6087, avg=13.46, stdev=40.24
     lat (usec): min=6, max=6088, avg=14.25, stdev=41.00
   bw (  KiB/s): min=172392, max=191422, per=100.00%, avg=186819.21, stdev=4311.94, samples=39
   iops        : min=43098, max=47855, avg=46704.56, stdev=1077.93, samples=39
  lat (usec)   : 10=92.37%, 20=4.32%, 50=0.55%, 100=0.65%, 250=1.54%
  lat (usec)   : 500=0.52%, 750=0.04%, 1000=0.01%
  lat (msec)   : 2=0.01%, 4=0.01%, 10=0.01%
  cpu          : usr=54.20%, sys=42.66%, ctx=6316, majf=0, minf=40
  IO depths    : 1=100.0%, 2=0.0%, 4=0.0%, 8=0.0%, 16=0.0%, 32=0.0%, >=64=0.0%
     submit    : 0=0.0%, 4=100.0%, 8=0.0%, 16=0.0%, 32=0.0%, 64=0.0%, >=64=0.0%
     complete  : 0=0.0%, 4=100.0%, 8=0.0%, 16=0.0%, 32=0.0%, 64=0.0%, >=64=0.0%
     issued rwts: total=933250,0,0,0 short=0,0,0,0 dropped=0,0,0,0
     latency   : target=0, window=0, percentile=100.00%, depth=64

Run status group 0 (all jobs):
   READ: bw=182MiB/s (191MB/s), 182MiB/s-182MiB/s (191MB/s-191MB/s), io=3646MiB (3823MB), run=20001-20001msec
