test: (g=0): rw=read, bs=(R) 4096B-4096B, (W) 4096B-4096B, (T) 4096B-4096B, ioengine=sync, iodepth=64
fio-3.30
Starting 1 process

test: (groupid=0, jobs=1): err= 0: pid=602: Fri Mar  9 13:21:04 2018
  read: IOPS=46.1k, BW=180MiB/s (189MB/s)(3603MiB/20002msec)
    clat (usec): min=6, max=6415, avg=13.56, stdev=40.43
     lat (usec): min=7, max=6416, avg=14.32, stdev=41.65
   bw (  KiB/s): min=170280, max=189346, per=100.00%, avg=184685.72, stdev=4056.30, samples=39
   iops        : min=42570, max=47336, avg=46171.28, stdev=1014.05, samples=39
  lat (usec)   : 10=92.28%, 20=4.34%, 50=0.59%, 100=0.61%, 250=1.57%
  lat (usec)   : 500=0.56%, 750=0.05%, 1000=0.01%
  lat (msec)   : 4=0.01%, 10=0.01%
  cpu          : usr=55.37%, sys=41.35%, ctx=6306, majf=0, minf=40
  IO depths    : 1=100.0%, 2=0.0%, 4=0.0%, 8=0.0%, 16=0.0%, 32=0.0%, >=64=0.0%
     submit    : 0=0.0%, 4=100.0%, 8=0.0%, 16=0.0%, 32=0.0%, 64=0.0%, >=64=0.0%
     complete  : 0=0.0%, 4=100.0%, 8=0.0%, 16=0.0%, 32=0.0%, 64=0.0%, >=64=0.0%
     issued rwts: total=922430,0,0,0 short=0,0,0,0 dropped=0,0,0,0
     latency   : target=0, window=0, percentile=100.00%, depth=64

Run status group 0 (all jobs):
   READ: bw=180MiB/s (189MB/s), 180MiB/s-180MiB/s (189MB/s-189MB/s), io=3603MiB (3778MB), run=20002-20002msec
