test: (g=0): rw=read, bs=(R) 4096B-4096B, (W) 4096B-4096B, (T) 4096B-4096B, ioengine=sync, iodepth=64
fio-3.30
Starting 1 process

test: (groupid=0, jobs=1): err= 0: pid=612: Fri Mar  9 13:22:04 2018
  read: IOPS=46.5k, BW=182MiB/s (191MB/s)(3636MiB/20001msec)
    clat (usec): min=6, max=6096, avg=13.54, stdev=40.87
     lat (usec): min=7, max=6097, avg=14.27, stdev=41.21
   bw (  KiB/s): min=182696, max=189560, per=100.00%, avg=186421.46, stdev=1704.10, samples=39
   iops        : min=45674, max=47390, avg=46605.18, stdev=425.99, samples=39
  lat (usec)   : 10=92.34%, 20=4.30%, 50=0.52%, 100=0.71%, 250=1.58%
  lat (usec)   : 500=0.50%, 750=0.05%, 1000=0.01%
  lat (msec)   : 2=0.01%, 10=0.01%
  cpu          : usr=54.22%, sys=42.63%, ctx=6294, majf=0, minf=40
  IO depths    : 1=100.0%, 2=0.0%, 4=0.0%, 8=0.0%, 16=0.0%, 32=0.0%, >=64=0.0%
     submit    : 0=0.0%, 4=100.0%, 8=0.0%, 16=0.0%, 32=0.0%, 64=0.0%, >=64=0.0%
     complete  : 0=0.0%, 4=100.0%, 8=0.0%, 16=0.0%, 32=0.0%, 64=0.0%, >=64=0.0%
     issued rwts: total=930902,0,0,0 short=0,0,0,0 dropped=0,0,0,0
     latency   : target=0, window=0, percentile=100.00%, depth=64

Run status group 0 (all jobs):
   READ: bw=182MiB/s (191MB/s), 182MiB/s-182MiB/s (191MB/s-191MB/s), io=3636MiB (3813MB), run=20001-20001msec
