test: (g=0): rw=read, bs=(R) 4096B-4096B, (W) 4096B-4096B, (T) 4096B-4096B, ioengine=sync, iodepth=64
fio-3.30
Starting 1 process

test: (groupid=0, jobs=1): err= 0: pid=597: Fri Mar  9 13:20:33 2018
  read: IOPS=46.6k, BW=182MiB/s (191MB/s)(3642MiB/20001msec)
    clat (usec): min=6, max=5936, avg=13.50, stdev=39.70
     lat (usec): min=7, max=5937, avg=14.25, stdev=40.45
   bw (  KiB/s): min=175118, max=189747, per=100.00%, avg=186606.87, stdev=2668.16, samples=39
   iops        : min=43779, max=47436, avg=46651.49, stdev=667.05, samples=39
  lat (usec)   : 10=92.24%, 20=4.44%, 50=0.54%, 100=0.68%, 250=1.61%
  lat (usec)   : 500=0.46%, 750=0.04%, 1000=0.01%
  lat (msec)   : 2=0.01%, 4=0.01%, 10=0.01%
  cpu          : usr=54.04%, sys=42.83%, ctx=6313, majf=0, minf=40
  IO depths    : 1=100.0%, 2=0.0%, 4=0.0%, 8=0.0%, 16=0.0%, 32=0.0%, >=64=0.0%
     submit    : 0=0.0%, 4=100.0%, 8=0.0%, 16=0.0%, 32=0.0%, 64=0.0%, >=64=0.0%
     complete  : 0=0.0%, 4=100.0%, 8=0.0%, 16=0.0%, 32=0.0%, 64=0.0%, >=64=0.0%
     issued rwts: total=932311,0,0,0 short=0,0,0,0 dropped=0,0,0,0
     latency   : target=0, window=0, percentile=100.00%, depth=64

Run status group 0 (all jobs):
   READ: bw=182MiB/s (191MB/s), 182MiB/s-182MiB/s (191MB/s-191MB/s), io=3642MiB (3819MB), run=20001-20001msec
