test: (g=0): rw=read, bs=(R) 64.0KiB-64.0KiB, (W) 64.0KiB-64.0KiB, (T) 64.0KiB-64.0KiB, ioengine=sync, iodepth=64
fio-3.30
Starting 1 process

test: (groupid=0, jobs=1): err= 0: pid=617: Fri Mar  9 13:22:35 2018
  read: IOPS=5760, BW=360MiB/s (378MB/s)(7201MiB/20001msec)
    clat (usec): min=29, max=6583, avg=123.86, stdev=128.53
     lat (usec): min=30, max=6584, avg=125.49, stdev=129.89
   bw (  KiB/s): min=348857, max=377971, per=100.00%, avg=369066.77, stdev=5804.51, samples=39
   iops        : min= 5450, max= 5905, avg=5766.33, stdev=90.68, samples=39
  lat (usec)   : 50=52.12%, 100=5.28%, 250=16.51%, 500=25.12%, 750=0.87%
  lat (usec)   : 1000=0.08%
  lat (msec)   : 2=0.01%, 4=0.01%, 10=0.01%
  cpu          : usr=22.53%, sys=73.49%, ctx=6712, majf=0, minf=40
  IO depths    : 1=100.0%, 2=0.0%, 4=0.0%, 8=0.0%, 16=0.0%, 32=0.0%, >=64=0.0%
     submit    : 0=0.0%, 4=100.0%, 8=0.0%, 16=0.0%, 32=0.0%, 64=0.0%, >=64=0.0%
     complete  : 0=0.0%, 4=100.0%, 8=0.0%, 16=0.0%, 32=0.0%, 64=0.0%, >=64=0.0%
     issued rwts: total=115215,0,0,0 short=0,0,0,0 dropped=0,0,0,0
     latency   : target=0, window=0, percentile=100.00%, depth=64

Run status group 0 (all jobs):
   READ: bw=360MiB/s (378MB/s), 360MiB/s-360MiB/s (378MB/s-378MB/s), io=7201MiB (7551MB), run=20001-20001msec
