test: (g=0): rw=read, bs=(R) 64.0KiB-64.0KiB, (W) 64.0KiB-64.0KiB, (T) 64.0KiB-64.0KiB, ioengine=sync, iodepth=64
fio-3.30
Starting 1 process

test: (groupid=0, jobs=1): err= 0: pid=622: Fri Mar  9 13:23:05 2018
  read: IOPS=5798, BW=362MiB/s (380MB/s)(7249MiB/20001msec)
    clat (usec): min=30, max=6274, avg=123.56, stdev=127.92
     lat (usec): min=30, max=6274, avg=125.14, stdev=128.97
   bw (  KiB/s): min=358272, max=378356, per=100.00%, avg=371524.41, stdev=4299.36, samples=39
   iops        : min= 5598, max= 5911, avg=5804.69, stdev=67.02, samples=39
  lat (usec)   : 50=52.62%, 100=4.71%, 250=16.50%, 500=25.22%, 750=0.85%
  lat (usec)   : 1000=0.09%
  lat (msec)   : 2=0.01%, 10=0.01%
  cpu          : usr=23.64%, sys=72.37%, ctx=6696, majf=0, minf=40
  IO depths    : 1=100.0%, 2=0.0%, 4=0.0%, 8=0.0%, 16=0.0%, 32=0.0%, >=64=0.0%
     submit    : 0=0.0%, 4=100.0%, 8=0.0%, 16=0.0%, 32=0.0%, 64=0.0%, >=64=0.0%
     complete  : 0=0.0%, 4=100.0%, 8=0.0%, 16=0.0%, 32=0.0%, 64=0.0%, >=64=0.0%
     issued rwts: total=115982,0,0,0 short=0,0,0,0 dropped=0,0,0,0
     latency   : target=0, window=0, percentile=100.00%, depth=64

Run status group 0 (all jobs):
   READ: bw=362MiB/s (380MB/s), 362MiB/s-362MiB/s (380MB/s-380MB/s), io=7249MiB (7601MB), run=20001-20001msec
