test: (g=0): rw=read, bs=(R) 64.0KiB-64.0KiB, (W) 64.0KiB-64.0KiB, (T) 64.0KiB-64.0KiB, ioengine=sync, iodepth=64
fio-3.30
Starting 1 process

test: (groupid=0, jobs=1): err= 0: pid=627: Fri Mar  9 13:23:35 2018
  read: IOPS=5623, BW=351MiB/s (369MB/s)(7029MiB/20001msec)
    clat (usec): min=30, max=6713, avg=130.08, stdev=136.11
     lat (usec): min=30, max=6714, avg=131.78, stdev=136.17
   bw (  KiB/s): min=302172, max=375919, per=100.00%, avg=360329.77, stdev=12400.67, samples=39
   iops        : min= 4721, max= 5873, avg=5629.92, stdev=193.74, samples=39
  lat (usec)   : 50=50.00%, 100=3.11%, 250=20.44%, 500=25.32%, 750=0.95%
  lat (usec)   : 1000=0.15%
  lat (msec)   : 2=0.02%, 4=0.01%, 10=0.01%
  cpu          : usr=21.61%, sys=74.33%, ctx=6678, majf=0, minf=40
  IO depths    : 1=100.0%, 2=0.0%, 4=0.0%, 8=0.0%, 16=0.0%, 32=0.0%, >=64=0.0%
     submit    : 0=0.0%, 4=100.0%, 8=0.0%, 16=0.0%, 32=0.0%, 64=0.0%, >=64=0.0%
     complete  : 0=0.0%, 4=100.0%, 8=0.0%, 16=0.0%, 32=0.0%, 64=0.0%, >=64=0.0%
     issued rwts: total=112466,0,0,0 short=0,0,0,0 dropped=0,0,0,0
     latency   : target=0, window=0, percentile=100.00%, depth=64

Run status group 0 (all jobs):
   READ: bw=351MiB/s (369MB/s), 351MiB/s-351MiB/s (369MB/s-369MB/s), io=7029MiB (7371MB), run=20001-20001msec
