test: (g=0): rw=read, bs=(R) 64.0KiB-64.0KiB, (W) 64.0KiB-64.0KiB, (T) 64.0KiB-64.0KiB, ioengine=sync, iodepth=64
fio-3.30
Starting 1 process

test: (groupid=0, jobs=1): err= 0: pid=632: Fri Mar  9 13:24:06 2018
  read: IOPS=5847, BW=365MiB/s (383MB/s)(7310MiB/20002msec)
    clat (usec): min=29, max=6573, avg=122.63, stdev=139.83
     lat (usec): min=30, max=6573, avg=124.19, stdev=139.85
   bw (  KiB/s): min=367454, max=383486, per=100.00%, avg=374776.67, stdev=4320.05, samples=39
   iops        : min= 5741, max= 5991, avg=5855.44, stdev=67.42, samples=39
  lat (usec)   : 50=52.28%, 100=4.96%, 250=16.77%, 500=25.07%, 750=0.82%
  lat (usec)   : 1000=0.08%
  lat (msec)   : 2=0.01%, 10=0.02%
  cpu          : usr=20.29%, sys=75.81%, ctx=6706, majf=0, minf=40
  IO depths    : 1=100.0%, 2=0.0%, 4=0.0%, 8=0.0%, 16=0.0%, 32=0.0%, >=64=0.0%
     submit    : 0=0.0%, 4=100.0%, 8=0.0%, 16=0.0%, 32=0.0%, 64=0.0%, >=64=0.0%
     complete  : 0=0.0%, 4=100.0%, 8=0.0%, 16=0.0%, 32=0.0%, 64=0.0%, >=64=0.0%
     issued rwts: total=116960,0,0,0 short=0,0,0,0 dropped=0,0,0,0
     latency   : target=0, window=0, percentile=100.00%, depth=64

Run status group 0 (all jobs):
   READ: bw=365MiB/s (383MB/s), 365MiB/s-365MiB/s (383MB/s-383MB/s), io=7310MiB (7665MB), run=20002-20002msec
