test: (g=0): rw=write, bs=(R) 4096B-4096B, (W) 4096B-4096B, (T) 4096B-4096B, ioengine=sync, iodepth=64
fio-3.30
Starting 1 process

test: (groupid=0, jobs=1): err= 0: pid=667: Fri Mar  9 13:27:38 2018
  write: IOPS=21.4k, BW=83.8MiB/s (87.8MB/s)(1675MiB/20001msec); 0 zone resets
    clat (usec): min=24, max=5874, avg=30.17, stdev=31.61
     lat (usec): min=25, max=5875, avg=31.15, stdev=32.10
   bw (  KiB/s): min=82075, max=87927, per=100.00%, avg=85888.18, stdev=1775.26, samples=39
   iops        : min=20518, max=21981, avg=21471.74, stdev=443.89, samples=39
  lat (usec)   : 50=97.33%, 100=1.63%, 250=0.71%, 500=0.32%, 750=0.01%
  lat (usec)   : 1000=0.01%
  lat (msec)   : 10=0.01%
  cpu          : usr=30.42%, sys=66.22%, ctx=5880, majf=0, minf=40
  IO depths    : 1=100.0%, 2=0.0%, 4=0.0%, 8=0.0%, 16=0.0%, 32=0.0%, >=64=0.0%
     submit    : 0=0.0%, 4=100.0%, 8=0.0%, 16=0.0%, 32=0.0%, 64=0.0%, >=64=0.0%
     complete  : 0=0.0%, 4=100.0%, 8=0.0%, 16=0.0%, 32=0.0%, 64=0.0%, >=64=0.0%
     issued rwts: total=0,428919,0,0 short=0,0,0,0 dropped=0,0,0,0
     latency   : target=0, window=0, percentile=100.00%, depth=64

Run status group 0 (all jobs):
  WRITE: bw=83.8MiB/s (87.8MB/s), 83.8MiB/s-83.8MiB/s (87.8MB/s-87.8MB/s), io=1675MiB (1757MB), run=20001-20001msec
