test: (g=0): rw=write, bs=(R) 4096B-4096B, (W) 4096B-4096B, (T) 4096B-4096B, ioengine=sync, iodepth=64
fio-3.30
Starting 1 process

test: (groupid=0, jobs=1): err= 0: pid=687: Fri Mar  9 13:29:40 2018
  write: IOPS=21.3k, BW=83.0MiB/s (87.1MB/s)(1661MiB/20001msec); 0 zone resets
    clat (usec): min=24, max=5936, avg=30.27, stdev=35.48
     lat (usec): min=25, max=5937, avg=31.26, stdev=35.91
   bw (  KiB/s): min=81346, max=87230, per=100.00%, avg=85121.54, stdev=1594.55, samples=39
   iops        : min=20336, max=21807, avg=21280.18, stdev=398.68, samples=39
  lat (usec)   : 50=97.32%, 100=1.62%, 250=0.71%, 500=0.33%, 750=0.01%
  lat (usec)   : 1000=0.01%
  lat (msec)   : 2=0.01%, 10=0.01%
  cpu          : usr=31.27%, sys=64.67%, ctx=5847, majf=0, minf=40
  IO depths    : 1=100.0%, 2=0.0%, 4=0.0%, 8=0.0%, 16=0.0%, 32=0.0%, >=64=0.0%
     submit    : 0=0.0%, 4=100.0%, 8=0.0%, 16=0.0%, 32=0.0%, 64=0.0%, >=64=0.0%
     complete  : 0=0.0%, 4=100.0%, 8=0.0%, 16=0.0%, 32=0.0%, 64=0.0%, >=64=0.0%
     issued rwts: total=0,425231,0,0 short=0,0,0,0 dropped=0,0,0,0
     latency   : target=0, window=0, percentile=100.00%, depth=64

Run status group 0 (all jobs):
  WRITE: bw=83.0MiB/s (87.1MB/s), 83.0MiB/s-83.0MiB/s (87.1MB/s-87.1MB/s), io=1661MiB (1742MB), run=20001-20001msec
