test: (g=0): rw=write, bs=(R) 4096B-4096B, (W) 4096B-4096B, (T) 4096B-4096B, ioengine=sync, iodepth=64
fio-3.30
Starting 1 process

test: (groupid=0, jobs=1): err= 0: pid=672: Fri Mar  9 13:28:09 2018
  write: IOPS=21.3k, BW=83.2MiB/s (87.3MB/s)(1665MiB/20001msec); 0 zone resets
    clat (usec): min=24, max=5825, avg=30.46, stdev=36.91
     lat (usec): min=25, max=5826, avg=31.48, stdev=38.26
   bw (  KiB/s): min=81864, max=87496, per=100.00%, avg=85339.03, stdev=1691.98, samples=39
   iops        : min=20466, max=21874, avg=21334.64, stdev=422.98, samples=39
  lat (usec)   : 50=97.27%, 100=1.66%, 250=0.73%, 500=0.33%, 750=0.01%
  lat (usec)   : 1000=0.01%
  lat (msec)   : 2=0.01%, 4=0.01%, 10=0.01%
  cpu          : usr=30.71%, sys=65.84%, ctx=5933, majf=0, minf=40
  IO depths    : 1=100.0%, 2=0.0%, 4=0.0%, 8=0.0%, 16=0.0%, 32=0.0%, >=64=0.0%
     submit    : 0=0.0%, 4=100.0%, 8=0.0%, 16=0.0%, 32=0.0%, 64=0.0%, >=64=0.0%
     complete  : 0=0.0%, 4=100.0%, 8=0.0%, 16=0.0%, 32=0.0%, 64=0.0%, >=64=0.0%
     issued rwts: total=0,426150,0,0 short=0,0,0,0 dropped=0,0,0,0
     latency   : target=0, window=0, percentile=100.00%, depth=64

Run status group 0 (all jobs):
  WRITE: bw=83.2MiB/s (87.3MB/s), 83.2MiB/s-83.2MiB/s (87.3MB/s-87.3MB/s), io=1665MiB (1746MB), run=20001-20001msec
